info it worked if it ends with ok
verbose cli [ 'node', '/usr/bin/npm', 'install', '-g', 'grunt-cli' ]
info using npm@1.1.4
info using node@v0.6.12
verbose config file /home/lazaro/.npmrc
verbose config file /usr/etc/npmrc
verbose config file /usr/share/npm/npmrc
verbose cache add [ 'grunt-cli', null ]
silly cache add: name, spec, args [ undefined, 'grunt-cli', [ 'grunt-cli', null ] ]
verbose parsed url { pathname: 'grunt-cli', path: 'grunt-cli', href: 'grunt-cli' }
verbose addNamed [ 'grunt-cli', '' ]
verbose addNamed [ null, '' ]
silly name, range, hasData [ 'grunt-cli', '', false ]
verbose raw, before any munging grunt-cli
verbose url resolving [ 'https://registry.npmjs.org/', './grunt-cli' ]
verbose url resolved https://registry.npmjs.org/grunt-cli
http GET https://registry.npmjs.org/grunt-cli
http 200 https://registry.npmjs.org/grunt-cli
silly get cb [ 200,
silly get cb   { vary: 'Accept',
silly get cb     server: 'CouchDB/1.3.1 (Erlang OTP/R15B03)',
silly get cb     etag: '"9EJOYE8EFRC0WD2KB69TFY1IP"',
silly get cb     date: 'Sat, 28 Sep 2013 21:08:37 GMT',
silly get cb     'content-type': 'application/json',
silly get cb     'content-length': '22889' } ]
verbose mkdir (expected) error ENOENT, no such file or directory '/home/lazaro/.npm/grunt-cli'
verbose mkdir done: /home/lazaro/.npm/grunt-cli 755
silly name, range, hasData 2 [ 'grunt-cli', '', true ]
silly versions [ 'grunt-cli', [] ]
ERR! Error: No compatible version found: grunt-cli
ERR! No valid targets found.
ERR! Perhaps not compatible with your version of node?
ERR!     at installTargetsError (/usr/share/npm/lib/cache.js:488:10)
ERR!     at next_ (/usr/share/npm/lib/cache.js:438:17)
ERR!     at next (/usr/share/npm/lib/cache.js:415:44)
ERR!     at /usr/share/npm/lib/cache.js:408:5
ERR!     at saved (/usr/share/npm/lib/utils/npm-registry-client/get.js:147:7)
ERR!     at Object.oncomplete (/usr/lib/nodejs/graceful-fs.js:230:7)
ERR! You may report this log at:
ERR!     <http://bugs.debian.org/npm>
ERR! or use
ERR!     reportbug --attach /home/lazaro/Projects/YahooHackathon/230/crawler/npm-debug.log npm
ERR! 
ERR! System Linux 3.5.0-40-generic
ERR! command "node" "/usr/bin/npm" "install" "-g" "grunt-cli"
ERR! cwd /home/lazaro/Projects/YahooHackathon/230/crawler
ERR! node -v v0.6.12
ERR! npm -v 1.1.4
ERR! message No compatible version found: grunt-cli
ERR! message No valid targets found.
ERR! message Perhaps not compatible with your version of node?
verbose exit [ 1, true ]
